\BOOKMARK [1][]{section*.2}{\332vod}{}% 1
\BOOKMARK [1][]{section.3}{Malv\351r}{}% 2
\BOOKMARK [2][]{subsection.4}{Techniky ukr\375vania cinnosti}{section.3}% 3
\BOOKMARK [2][]{subsection.5}{S\372casn\375 malv\351r}{section.3}% 4
\BOOKMARK [1][]{section.8}{Process hollowing}{}% 5
\BOOKMARK [2][]{subsection.9}{Princ\355p}{section.8}% 6
\BOOKMARK [2][]{subsection.10}{Vyu\236\355van\351 API funkcie}{section.8}% 7
\BOOKMARK [1][]{section.11}{Existuj\372ce rie\235enia na detekciu}{}% 8
\BOOKMARK [2][]{subsection.12}{PHDetection}{section.11}% 9
\BOOKMARK [2][]{subsection.13}{HollowFind}{section.11}% 10
\BOOKMARK [2][]{subsection.14}{Rie\235enie C}{section.11}% 11
\BOOKMARK [1][]{section.15}{Algoritmy na detekciu}{}% 12
\BOOKMARK [2][]{subsection.16}{Algoritmus A}{section.15}% 13
\BOOKMARK [2][]{subsection.17}{Algoritmus B}{section.15}% 14
\BOOKMARK [1][]{section.18}{Implement\341cia}{}% 15
\BOOKMARK [2][]{subsection.19}{Modul na zber d\341t}{section.18}% 16
\BOOKMARK [2][]{subsection.20}{Algoritmus A}{section.18}% 17
\BOOKMARK [2][]{subsection.21}{Algoritmus B}{section.18}% 18
\BOOKMARK [1][]{section.22}{V\375sledky}{}% 19
\BOOKMARK [2][]{subsection.23}{Experiment A}{section.22}% 20
\BOOKMARK [2][]{subsection.24}{Experiment B}{section.22}% 21
\BOOKMARK [2][]{subsection.25}{Porovnanie s existuj\372cimi rie\235eniami}{section.22}% 22
\BOOKMARK [1][]{section*.26}{Z\341ver}{}% 23
\BOOKMARK [1][]{section*.27}{Zoznam pou\236itej literat\372ry}{}% 24
\BOOKMARK [1][]{section*.28}{Pr\355lohy}{}% 25
\BOOKMARK [1][]{section.30}{ ?trukt\372ra elektronick\351ho nosi?a}{}% 26
\BOOKMARK [1][]{section.33}{ Algoritmus}{}% 27
