This is pdfTeX, Version 3.14159265-2.6-1.40.20 (MiKTeX 2.9.7250 64-bit) (preloaded format=pdflatex 2019.11.24)  12 FEB 2020 21:22
entering extended mode
**./ukazka_prace1.tex
(ukazka_prace1.tex
LaTeX2e <2019-10-01> patch level 3
(FEIstyle.cls
Document Class: FEIstyle 2014/07/22 v. 1.2c Sablona pre pisanie zaverecnych pra
c - FEI STUBA
("D:\App Windows\mikteX\tex/latex/base\article.cls"
Document Class: article 2019/10/25 v1.4k Standard LaTeX document class
("D:\App Windows\mikteX\tex/latex/base\size12.clo"
File: size12.clo 2019/10/25 v1.4k Standard LaTeX file (size option)
)
\c@part=\count80
\c@section=\count81
\c@subsection=\count82
\c@subsubsection=\count83
\c@paragraph=\count84
\c@subparagraph=\count85
\c@figure=\count86
\c@table=\count87
\abovecaptionskip=\skip41
\belowcaptionskip=\skip42
\bibindent=\dimen102
)
("D:\App Windows\mikteX\tex/latex/psnfss\times.sty"
Package: times 2005/04/12 PSNFSS-v9.2a (SPQR) 
)
("D:\App Windows\mikteX\tex/latex/textcase\textcase.sty"
Package: textcase 2019/09/14 v1.00 Text only upper/lower case changing (DPC)
)
("D:\App Windows\mikteX\tex/latex/chngcntr\chngcntr.sty"
Package: chngcntr 2018/04/09 v1.1a change counter resetting
Package chngcntr Info: \counterwithout already defined.
(chngcntr)             Quitting chngcntr on input line 21.
)
("D:\App Windows\mikteX\tex/latex/tocloft\tocloft.sty"
Package: tocloft 2017/08/31 v2.3i parameterised ToC, etc., typesetting
Package tocloft Info: The document has section divisions on input line 51.
\cftparskip=\skip43
\cftbeforetoctitleskip=\skip44
\cftaftertoctitleskip=\skip45
\cftbeforepartskip=\skip46
\cftpartnumwidth=\skip47
\cftpartindent=\skip48
\cftbeforesecskip=\skip49
\cftsecindent=\skip50
\cftsecnumwidth=\skip51
\cftbeforesubsecskip=\skip52
\cftsubsecindent=\skip53
\cftsubsecnumwidth=\skip54
\cftbeforesubsubsecskip=\skip55
\cftsubsubsecindent=\skip56
\cftsubsubsecnumwidth=\skip57
\cftbeforeparaskip=\skip58
\cftparaindent=\skip59
\cftparanumwidth=\skip60
\cftbeforesubparaskip=\skip61
\cftsubparaindent=\skip62
\cftsubparanumwidth=\skip63
\cftbeforeloftitleskip=\skip64
\cftafterloftitleskip=\skip65
\cftbeforefigskip=\skip66
\cftfigindent=\skip67
\cftfignumwidth=\skip68
\c@lofdepth=\count88
\c@lotdepth=\count89
\cftbeforelottitleskip=\skip69
\cftafterlottitleskip=\skip70
\cftbeforetabskip=\skip71
\cfttabindent=\skip72
\cfttabnumwidth=\skip73
)
("D:\App Windows\mikteX\tex/latex/ifmtarg\ifmtarg.sty"
Package: ifmtarg 2018/04/16 v1.2b check for an empty argument
)
("D:\App Windows\mikteX\tex/latex/hyperref\hyperref.sty"
Package: hyperref 2019/11/10 v7.00c Hypertext links for LaTeX

("D:\App Windows\mikteX\tex/generic/oberdiek\ltxcmds.sty"
Package: ltxcmds 2016/05/16 v1.23 LaTeX kernel commands for general use (HO)
)
("D:\App Windows\mikteX\tex/generic/iftex\iftex.sty"
Package: iftex 2019/11/07 v1.0c TeX engine tests
)
("D:\App Windows\mikteX\tex/generic/oberdiek\pdftexcmds.sty"
Package: pdftexcmds 2019/07/25 v0.30 Utility functions of pdfTeX for LuaTeX (HO
)

("D:\App Windows\mikteX\tex/generic/oberdiek\infwarerr.sty"
Package: infwarerr 2016/05/16 v1.4 Providing info/warning/error messages (HO)
)
("D:\App Windows\mikteX\tex/generic/iftex\ifluatex.sty"
Package: ifluatex 2019/10/25 v1.5 ifluatex legacy package. Use iftex instead.
)
("D:\App Windows\mikteX\tex/generic/iftex\ifpdf.sty"
Package: ifpdf 2019/10/25 v3.4 ifpdf legacy package. Use iftex instead.
)
Package pdftexcmds Info: LuaTeX not detected.
Package pdftexcmds Info: \pdf@primitive is available.
Package pdftexcmds Info: \pdf@ifprimitive is available.
Package pdftexcmds Info: \pdfdraftmode found.
)
("D:\App Windows\mikteX\tex/latex/graphics\keyval.sty"
Package: keyval 2014/10/28 v1.15 key=value parser (DPC)
\KV@toks@=\toks14
)
("D:\App Windows\mikteX\tex/generic/oberdiek\kvsetkeys.sty"
Package: kvsetkeys 2016/05/16 v1.17 Key value parser (HO)

("D:\App Windows\mikteX\tex/generic/oberdiek\etexcmds.sty"
Package: etexcmds 2016/05/16 v1.6 Avoid name clashes with e-TeX commands (HO)
))
("D:\App Windows\mikteX\tex/generic/oberdiek\kvdefinekeys.sty"
Package: kvdefinekeys 2016/05/16 v1.4 Define keys (HO)
)
("D:\App Windows\mikteX\tex/generic/oberdiek\pdfescape.sty"
Package: pdfescape 2016/05/16 v1.14 Implements pdfTeX's escape features (HO)
)
("D:\App Windows\mikteX\tex/latex/oberdiek\hycolor.sty"
Package: hycolor 2016/05/16 v1.8 Color options for hyperref/bookmark (HO)

("D:\App Windows\mikteX\tex/latex/oberdiek\xcolor-patch.sty"
Package: xcolor-patch 2016/05/16 xcolor patch

("D:\App Windows\mikteX\tex/latex/oberdiek\hopatch.sty"
Package: hopatch 2016/05/16 v1.3 Wrapper for package hooks (HO)
)))
("D:\App Windows\mikteX\tex/latex/oberdiek\letltxmacro.sty"
Package: letltxmacro 2016/05/16 v1.5 Let assignment for LaTeX macros (HO)
)
("D:\App Windows\mikteX\tex/latex/oberdiek\auxhook.sty"
Package: auxhook 2016/05/16 v1.4 Hooks for auxiliary files (HO)
)
("D:\App Windows\mikteX\tex/latex/oberdiek\kvoptions.sty"
Package: kvoptions 2016/05/16 v3.12 Key value format for package options (HO)
)
\@linkdim=\dimen103
\Hy@linkcounter=\count90
\Hy@pagecounter=\count91

("D:\App Windows\mikteX\tex/latex/hyperref\pd1enc.def"
File: pd1enc.def 2019/11/10 v7.00c Hyperref: PDFDocEncoding definition (HO)
Now handling font encoding PD1 ...
... no UTF-8 mapping file for font encoding PD1
)
("D:\App Windows\mikteX\tex/generic/oberdiek\intcalc.sty"
Package: intcalc 2016/05/16 v1.2 Expandable calculations with integers (HO)
)
\Hy@SavedSpaceFactor=\count92

("D:\App Windows\mikteX\tex/latex/00miktex\hyperref.cfg"
File: hyperref.cfg 2002/06/06 v1.2 hyperref configuration of TeXLive
)
Package hyperref Info: Option `bookmarksopen' set `true' on input line 4409.
Package hyperref Info: Option `colorlinks' set `true' on input line 4409.
Package hyperref Info: Option `plainpages' set `false' on input line 4409.
Package hyperref Info: Option `hypertexnames' set `false' on input line 4409.
Package hyperref Info: Hyper figures OFF on input line 4535.
Package hyperref Info: Link nesting OFF on input line 4540.
Package hyperref Info: Hyper index ON on input line 4543.
Package hyperref Info: Plain pages OFF on input line 4550.
Package hyperref Info: Backreferencing OFF on input line 4555.
Package hyperref Info: Implicit mode ON; LaTeX internals redefined.
Package hyperref Info: Bookmarks ON on input line 4788.
\c@Hy@tempcnt=\count93

("D:\App Windows\mikteX\tex/latex/url\url.sty"
\Urlmuskip=\muskip10
Package: url 2013/09/16  ver 3.4  Verb mode for urls, etc.
)
LaTeX Info: Redefining \url on input line 5147.
\XeTeXLinkMargin=\dimen104

("D:\App Windows\mikteX\tex/generic/oberdiek\bitset.sty"
Package: bitset 2016/05/16 v1.2 Handle bit-vector datatype (HO)

("D:\App Windows\mikteX\tex/generic/oberdiek\bigintcalc.sty"
Package: bigintcalc 2016/05/16 v1.4 Expandable calculations on big integers (HO
)
))
\Fld@menulength=\count94
\Field@Width=\dimen105
\Fld@charsize=\dimen106
Package hyperref Info: Hyper figures OFF on input line 6418.
Package hyperref Info: Link nesting OFF on input line 6423.
Package hyperref Info: Hyper index ON on input line 6426.
Package hyperref Info: backreferencing OFF on input line 6433.
Package hyperref Info: Link coloring ON on input line 6436.
Package hyperref Info: Link coloring with OCG OFF on input line 6443.
Package hyperref Info: PDF/A mode OFF on input line 6448.
LaTeX Info: Redefining \ref on input line 6488.
LaTeX Info: Redefining \pageref on input line 6492.

("D:\App Windows\mikteX\tex/generic/oberdiek\atbegshi.sty"
Package: atbegshi 2016/06/09 v1.18 At begin shipout hook (HO)
)
\Hy@abspage=\count95
\c@Item=\count96
\c@Hfootnote=\count97
)
Package hyperref Info: Driver (autodetected): hpdftex.

("D:\App Windows\mikteX\tex/latex/hyperref\hpdftex.def"
File: hpdftex.def 2019/11/10 v7.00c Hyperref driver for pdfTeX

("D:\App Windows\mikteX\tex/latex/oberdiek\atveryend.sty"
Package: atveryend 2016/05/16 v1.9 Hooks at the very end of document (HO)
Package atveryend Info: \enddocument detected (standard20110627).
)
\Fld@listcount=\count98
\c@bookmark@seq@number=\count99

("D:\App Windows\mikteX\tex/latex/oberdiek\rerunfilecheck.sty"
Package: rerunfilecheck 2016/05/16 v1.8 Rerun checks for auxiliary files (HO)

("D:\App Windows\mikteX\tex/generic/oberdiek\uniquecounter.sty"
Package: uniquecounter 2016/05/16 v1.3 Provide unlimited unique counter (HO)
)
Package uniquecounter Info: New unique counter `rerunfilecheck' on input line 2
82.
)
\Hy@SectionHShift=\skip74
)
("D:\App Windows\mikteX\tex/latex/graphics\rotating.sty"
Package: rotating 2016/08/11 v2.16d rotated objects in LaTeX

("D:\App Windows\mikteX\tex/latex/graphics\graphicx.sty"
Package: graphicx 2017/06/01 v1.1a Enhanced LaTeX Graphics (DPC,SPQR)

("D:\App Windows\mikteX\tex/latex/graphics\graphics.sty"
Package: graphics 2019/11/01 v1.3d Standard LaTeX Graphics (DPC,SPQR)

("D:\App Windows\mikteX\tex/latex/graphics\trig.sty"
Package: trig 2016/01/03 v1.10 sin cos tan (DPC)
)
("D:\App Windows\mikteX\tex/latex/graphics-cfg\graphics.cfg"
File: graphics.cfg 2016/06/04 v1.11 sample graphics configuration
)
Package graphics Info: Driver file: pdftex.def on input line 105.

("D:\App Windows\mikteX\tex/latex/graphics-def\pdftex.def"
File: pdftex.def 2018/01/08 v1.0l Graphics/color driver for pdftex
))
\Gin@req@height=\dimen107
\Gin@req@width=\dimen108
)
("D:\App Windows\mikteX\tex/latex/base\ifthen.sty"
Package: ifthen 2014/09/29 v1.1c Standard LaTeX ifthen package (DPC)
)
\c@r@tfl@t=\count100
\rotFPtop=\skip75
\rotFPbot=\skip76
\rot@float@box=\box27
\rot@mess@toks=\toks15
)
("D:\App Windows\mikteX\tex/latex/anysize\anysize.sty"
Package: anysize 1994/08/13 setting margin sizes

document style option `anysize' loaded
Michael Salzenberg, Thomas Esser, Dirk Hillbrecht
Version 1.0, Aug 13, 1994
\@Leftmargin=\dimen109
\@Rightmargin=\dimen110
\@Topmargin=\dimen111
\@Bottommargin=\dimen112
) ("D:\App Windows\mikteX\tex/latex/xifthen\xifthen.sty"
Package: xifthen 2015/11/05 v1.4.0 Extended ifthen features

("D:\App Windows\mikteX\tex/latex/tools\calc.sty"
Package: calc 2017/05/25 v4.3 Infix arithmetic (KKT,FJ)
\calc@Acount=\count101
\calc@Bcount=\count102
\calc@Adimen=\dimen113
\calc@Bdimen=\dimen114
\calc@Askip=\skip77
\calc@Bskip=\skip78
LaTeX Info: Redefining \setlength on input line 80.
LaTeX Info: Redefining \addtolength on input line 81.
\calc@Ccount=\count103
\calc@Cskip=\skip79
))
("D:\App Windows\mikteX\tex/latex/sectsty\sectsty.sty"
Package: sectsty 2002/02/25 v2.0.2 Commands to change all sectional heading sty
les


LaTeX Warning: Command \underbar  has changed.
               Check if current package is valid.


LaTeX Warning: Command \underline  has changed.
               Check if current package is valid.

) ("D:\App Windows\mikteX\tex/latex/amsmath\amsmath.sty"
Package: amsmath 2019/04/01 v2.17c AMS math features
\@mathmargin=\skip80

For additional information on amsmath, use the `?' option.
("D:\App Windows\mikteX\tex/latex/amsmath\amstext.sty"
Package: amstext 2000/06/29 v2.01 AMS text

("D:\App Windows\mikteX\tex/latex/amsmath\amsgen.sty"
File: amsgen.sty 1999/11/30 v2.0 generic functions
\@emptytoks=\toks16
\ex@=\dimen115
))
("D:\App Windows\mikteX\tex/latex/amsmath\amsbsy.sty"
Package: amsbsy 1999/11/29 v1.2d Bold Symbols
\pmbraise@=\dimen116
)
("D:\App Windows\mikteX\tex/latex/amsmath\amsopn.sty"
Package: amsopn 2016/03/08 v2.02 operator names
)
\inf@bad=\count104
LaTeX Info: Redefining \frac on input line 227.
\uproot@=\count105
\leftroot@=\count106
LaTeX Info: Redefining \overline on input line 389.
\classnum@=\count107
\DOTSCASE@=\count108
LaTeX Info: Redefining \ldots on input line 486.
LaTeX Info: Redefining \dots on input line 489.
LaTeX Info: Redefining \cdots on input line 610.
\Mathstrutbox@=\box28
\strutbox@=\box29
\big@size=\dimen117
LaTeX Font Info:    Redeclaring font encoding OML on input line 733.
LaTeX Font Info:    Redeclaring font encoding OMS on input line 734.
\macc@depth=\count109
\c@MaxMatrixCols=\count110
\dotsspace@=\muskip11
\c@parentequation=\count111
\dspbrk@lvl=\count112
\tag@help=\toks17
\row@=\count113
\column@=\count114
\maxfields@=\count115
\andhelp@=\toks18
\eqnshift@=\dimen118
\alignsep@=\dimen119
\tagshift@=\dimen120
\tagwidth@=\dimen121
\totwidth@=\dimen122
\lineht@=\dimen123
\@envbody=\toks19
\multlinegap=\skip81
\multlinetaggap=\skip82
\mathdisplay@stack=\toks20
LaTeX Info: Redefining \[ on input line 2855.
LaTeX Info: Redefining \] on input line 2856.
)
("D:\App Windows\mikteX\tex/latex/xstring\xstring.sty"
("D:\App Windows\mikteX\tex/generic/xstring\xstring.tex"
\integerpart=\count116
\decimalpart=\count117
)
Package: xstring 2019/02/06 v1.83 String manipulations (CT)
)
("D:\App Windows\mikteX\tex/latex/titlesec\titlesec.sty"
Package: titlesec 2019/10/16 v2.13 Sectioning titles
\ttl@box=\box30
\beforetitleunit=\skip83
\aftertitleunit=\skip84
\ttl@plus=\dimen124
\ttl@minus=\dimen125
\ttl@toksa=\toks21
\titlewidth=\dimen126
\titlewidthlast=\dimen127
\titlewidthfirst=\dimen128
)
("D:\App Windows\mikteX\tex/latex/algorithms\algorithm.sty"
Package: algorithm 2009/08/24 v0.1 Document Style `algorithm' - floating enviro
nment

("D:\App Windows\mikteX\tex/latex/float\float.sty"
Package: float 2001/11/08 v1.3d Float enhancements (AL)
\c@float@type=\count118
\float@exts=\toks22
\float@box=\box31
\@float@everytoks=\toks23
\@floatcapt=\box32
)
\@float@every@algorithm=\toks24
\c@algorithm=\count119
)
("D:\App Windows\mikteX\tex/latex/xcolor\xcolor.sty"
Package: xcolor 2016/05/11 v2.12 LaTeX color extensions (UK)

("D:\App Windows\mikteX\tex/latex/graphics-cfg\color.cfg"
File: color.cfg 2016/01/02 v1.6 sample color configuration
)
Package xcolor Info: Driver file: pdftex.def on input line 225.
Package xcolor Info: Model `cmy' substituted by `cmy0' on input line 1348.
Package xcolor Info: Model `hsb' substituted by `rgb' on input line 1352.
Package xcolor Info: Model `RGB' extended on input line 1364.
Package xcolor Info: Model `HTML' substituted by `rgb' on input line 1366.
Package xcolor Info: Model `Hsb' substituted by `hsb' on input line 1367.
Package xcolor Info: Model `tHsb' substituted by `hsb' on input line 1368.
Package xcolor Info: Model `HSB' substituted by `hsb' on input line 1369.
Package xcolor Info: Model `Gray' substituted by `gray' on input line 1370.
Package xcolor Info: Model `wave' substituted by `hsb' on input line 1371.
)
("D:\App Windows\mikteX\tex/latex/listings\listings.sty"
\lst@mode=\count120
\lst@gtempboxa=\box33
\lst@token=\toks25
\lst@length=\count121
\lst@currlwidth=\dimen129
\lst@column=\count122
\lst@pos=\count123
\lst@lostspace=\dimen130
\lst@width=\dimen131
\lst@newlines=\count124
\lst@lineno=\count125
\lst@maxwidth=\dimen132

("D:\App Windows\mikteX\tex/latex/listings\lstmisc.sty"
File: lstmisc.sty 2019/09/10 1.8c (Carsten Heinz)
\c@lstnumber=\count126
\lst@skipnumbers=\count127
\lst@framebox=\box34
)
("D:\App Windows\mikteX\tex/latex/listings\listings.cfg"
File: listings.cfg 2019/09/10 1.8c listings configuration
))
Package: listings 2019/09/10 1.8c (Carsten Heinz)

("D:\App Windows\mikteX\tex/latex/lm\lmodern.sty"
Package: lmodern 2009/10/30 v1.6 Latin Modern Fonts
LaTeX Font Info:    Overwriting symbol font `operators' in version `normal'
(Font)                  OT1/cmr/m/n --> OT1/lmr/m/n on input line 22.
LaTeX Font Info:    Overwriting symbol font `letters' in version `normal'
(Font)                  OML/cmm/m/it --> OML/lmm/m/it on input line 23.
LaTeX Font Info:    Overwriting symbol font `symbols' in version `normal'
(Font)                  OMS/cmsy/m/n --> OMS/lmsy/m/n on input line 24.
LaTeX Font Info:    Overwriting symbol font `largesymbols' in version `normal'
(Font)                  OMX/cmex/m/n --> OMX/lmex/m/n on input line 25.
LaTeX Font Info:    Overwriting symbol font `operators' in version `bold'
(Font)                  OT1/cmr/bx/n --> OT1/lmr/bx/n on input line 26.
LaTeX Font Info:    Overwriting symbol font `letters' in version `bold'
(Font)                  OML/cmm/b/it --> OML/lmm/b/it on input line 27.
LaTeX Font Info:    Overwriting symbol font `symbols' in version `bold'
(Font)                  OMS/cmsy/b/n --> OMS/lmsy/b/n on input line 28.
LaTeX Font Info:    Overwriting symbol font `largesymbols' in version `bold'
(Font)                  OMX/cmex/m/n --> OMX/lmex/m/n on input line 29.
LaTeX Font Info:    Overwriting math alphabet `\mathbf' in version `normal'
(Font)                  OT1/cmr/bx/n --> OT1/lmr/bx/n on input line 31.
LaTeX Font Info:    Overwriting math alphabet `\mathsf' in version `normal'
(Font)                  OT1/cmss/m/n --> OT1/lmss/m/n on input line 32.
LaTeX Font Info:    Overwriting math alphabet `\mathit' in version `normal'
(Font)                  OT1/cmr/m/it --> OT1/lmr/m/it on input line 33.
LaTeX Font Info:    Overwriting math alphabet `\mathtt' in version `normal'
(Font)                  OT1/cmtt/m/n --> OT1/lmtt/m/n on input line 34.
LaTeX Font Info:    Overwriting math alphabet `\mathbf' in version `bold'
(Font)                  OT1/cmr/bx/n --> OT1/lmr/bx/n on input line 35.
LaTeX Font Info:    Overwriting math alphabet `\mathsf' in version `bold'
(Font)                  OT1/cmss/bx/n --> OT1/lmss/bx/n on input line 36.
LaTeX Font Info:    Overwriting math alphabet `\mathit' in version `bold'
(Font)                  OT1/cmr/bx/it --> OT1/lmr/bx/it on input line 37.
LaTeX Font Info:    Overwriting math alphabet `\mathtt' in version `bold'
(Font)                  OT1/cmtt/m/n --> OT1/lmtt/m/n on input line 38.
)
("D:\App Windows\mikteX\tex/generic/babel\babel.sty"
Package: babel 2019/10/15 3.35 The Babel package

("D:\App Windows\mikteX\tex/generic/babel\switch.def"
File: switch.def 2019/10/15 3.35 Babel switching mechanism
)
*************************************
* Local config file bblopts.cfg used
*
("D:\App Windows\mikteX\tex/latex/arabi\bblopts.cfg"
File: bblopts.cfg 2005/09/08 v0.1 add Arabic and Farsi to "declared" options of
 babel
)
("D:\App Windows\mikteX\tex/latex/babel-slovak\slovak.ldf"
Language: slovak 2008/07/06 v3.1a Slovak support from the babel system

("D:\App Windows\mikteX\tex/generic/babel\babel.def"
File: babel.def 2019/10/15 3.35 Babel common definitions
\babel@savecnt=\count128
\U@D=\dimen133

("D:\App Windows\mikteX\tex/generic/babel\txtbabel.def")
\bbl@dirlevel=\count129
)
Package babel Info: Making ^ an active character on input line 123.
Package babel Info: Making " an active character on input line 126.
Package babel Info: Making ' an active character on input line 129.
\cs@wordlen=\count130
Package babel Info: Making - an active character on input line 294.
)
("D:\App Windows\mikteX\tex/latex/babel-english\english.ldf"
Language: english 2017/06/06 v3.3r English support from the babel system
\l@canadian = a dialect from \language\l@american 
\l@australian = a dialect from \language\l@british 
\l@newzealand = a dialect from \language\l@british 
))
("D:\App Windows\mikteX\tex/latex/base\fontenc.sty"
Package: fontenc 2018/08/11 v2.0j Standard LaTeX package

("D:\App Windows\mikteX\tex/latex/base\t1enc.def"
File: t1enc.def 2018/08/11 v2.0j Standard LaTeX file
LaTeX Font Info:    Redeclaring font encoding T1 on input line 48.
))
("D:\App Windows\mikteX\tex/latex/changepage\changepage.sty"
Package: changepage 2009/10/20 v1.0c check page and change page layout
\c@cp@cntr=\count131
\cp@tempcnt=\count132
)
("D:\App Windows\mikteX\tex/latex/koma-script\scrextend.sty"
Package: scrextend 2019/10/12 v3.27 KOMA-Script package (extend other classes w
ith features of KOMA-Script classes)

("D:\App Windows\mikteX\tex/latex/koma-script\scrkbase.sty"
Package: scrkbase 2019/10/12 v3.27 KOMA-Script package (KOMA-Script-dependent b
asics and keyval usage)

("D:\App Windows\mikteX\tex/latex/koma-script\scrbase.sty"
Package: scrbase 2019/10/12 v3.27 KOMA-Script package (KOMA-Script-independent 
basics and keyval usage)

("D:\App Windows\mikteX\tex/latex/koma-script\scrlfile.sty"
Package: scrlfile 2019/10/12 v3.27 KOMA-Script package (loading files)
)
Package scrbase Info: \ifpdftex already defined.
(scrbase)             If \ifpdftex does not behave like
(scrbase)             it was described at the KOMA-Script manual, try to
(scrbase)             load `scrbase.sty' earlier or find out at which
(scrbase)             package or class \ifpdftex was defined before.
Package scrbase Info: \ifVTeX already defined.
(scrbase)             If \ifVTeX does not behave like
(scrbase)             it was described at the KOMA-Script manual, try to
(scrbase)             load `scrbase.sty' earlier or find out at which
(scrbase)             package or class \ifVTeX was defined before.
))

LaTeX Warning: Command \@footnotemark  has changed.
               Check if current package is valid.

) ("D:\App Windows\mikteX\tex/latex/base\inputenc.sty"
Package: inputenc 2018/08/11 v1.3c Input encoding file
\inpenc@prehook=\toks26
\inpenc@posthook=\toks27

("D:\App Windows\mikteX\tex/latex/base\cp1250.def"
File: cp1250.def 2018/08/11 v1.3c Input encoding file
))
Package hyperref Info: Option `colorlinks' set `true' on input line 218.
\c@listOfAppendix=\count133
\c@priloh=\count134
\cftbeforeprilohskip=\skip85
\cftprilohindent=\skip86
\cftprilohnumwidth=\skip87
\c@pridepth=\count135
\cftbeforeprititleskip=\skip88
\cftafterprititleskip=\skip89
)
("D:\App Windows\mikteX\tex/latex/base\fontenc.sty"
Package: fontenc 2018/08/11 v2.0j Standard LaTeX package

("D:\App Windows\mikteX\tex/latex/base\t1enc.def"
File: t1enc.def 2018/08/11 v2.0j Standard LaTeX file
LaTeX Font Info:    Redeclaring font encoding T1 on input line 48.
)) (ukazka_prace1.aux)
\openout1 = `ukazka_prace1.aux'.

LaTeX Font Info:    Checking defaults for OML/cmm/m/it on input line 12.
LaTeX Font Info:    ... okay on input line 12.
LaTeX Font Info:    Checking defaults for T1/cmr/m/n on input line 12.
LaTeX Font Info:    ... okay on input line 12.
LaTeX Font Info:    Checking defaults for OT1/cmr/m/n on input line 12.
LaTeX Font Info:    ... okay on input line 12.
LaTeX Font Info:    Checking defaults for OMS/cmsy/m/n on input line 12.
LaTeX Font Info:    ... okay on input line 12.
LaTeX Font Info:    Checking defaults for OMX/cmex/m/n on input line 12.
LaTeX Font Info:    ... okay on input line 12.
LaTeX Font Info:    Checking defaults for U/cmr/m/n on input line 12.
LaTeX Font Info:    ... okay on input line 12.
LaTeX Font Info:    Checking defaults for PD1/pdf/m/n on input line 12.
LaTeX Font Info:    ... okay on input line 12.
LaTeX Font Info:    Trying to load font information for T1+lmr on input line 12
.

("D:\App Windows\mikteX\tex/latex/lm\t1lmr.fd"
File: t1lmr.fd 2009/10/30 v1.6 Font defs for Latin Modern
)
\AtBeginShipoutBox=\box35
Package hyperref Info: Link coloring ON on input line 12.

("D:\App Windows\mikteX\tex/latex/hyperref\nameref.sty"
Package: nameref 2019/09/16 v2.46 Cross-referencing by name of section

("D:\App Windows\mikteX\tex/latex/oberdiek\refcount.sty"
Package: refcount 2016/05/16 v3.5 Data extraction from label references (HO)
)
("D:\App Windows\mikteX\tex/generic/oberdiek\gettitlestring.sty"
Package: gettitlestring 2016/05/16 v1.5 Cleanup title references (HO)
)
\c@section@level=\count136
)
LaTeX Info: Redefining \ref on input line 12.
LaTeX Info: Redefining \pageref on input line 12.
LaTeX Info: Redefining \nameref on input line 12.

(ukazka_prace1.out) (ukazka_prace1.out)
\@outlinefile=\write3
\openout3 = `ukazka_prace1.out'.


("D:\App Windows\mikteX\tex/context/base/mkii\supp-pdf.mkii"
[Loading MPS to PDF converter (version 2006.09.02).]
\scratchcounter=\count137
\scratchdimen=\dimen134
\scratchbox=\box36
\nofMPsegments=\count138
\nofMParguments=\count139
\everyMPshowfont=\toks28
\MPscratchCnt=\count140
\MPscratchDim=\dimen135
\MPnumerator=\count141
\makeMPintoPDFobject=\count142
\everyMPtoPDFconversion=\toks29
) ("D:\App Windows\mikteX\tex/latex/oberdiek\epstopdf-base.sty"
Package: epstopdf-base 2016/05/15 v2.6 Base part for package epstopdf

("D:\App Windows\mikteX\tex/latex/oberdiek\grfext.sty"
Package: grfext 2016/05/16 v1.2 Manage graphics extensions (HO)
)
Package epstopdf-base Info: Redefining graphics rule for `.eps' on input line 4
38.
Package grfext Info: Graphics extension search list:
(grfext)             [.pdf,.png,.jpg,.mps,.jpeg,.jbig2,.jb2,.PDF,.PNG,.JPG,.JPE
G,.JBIG2,.JB2,.eps]
(grfext)             \AppendGraphicsExtensions on input line 456.
)
\c@lstlisting=\count143
 [1



{C:/Users/Lukas/AppData/Local/MiKTeX/2.9/pdftex/config/pdftex.map}] [1]
<includes/assignment.jpeg, id=122, 596.4684pt x 843.99315pt>
File: includes/assignment.jpeg Graphic file (type jpg)
<use includes/assignment.jpeg>
Package pdftex.def Info: includes/assignment.jpeg  used on input line 18.
(pdftex.def)             Requested size: 597.50787pt x 845.49783pt.

Overfull \vbox (181.262pt too high) has occurred while \output is active []


[2 <./includes/assignment.jpeg>]
Underfull \hbox (badness 10000) in paragraph at lines 19--19

 []


Underfull \hbox (badness 4886) in paragraph at lines 19--19
[]\T1/lmr/m/n/12 Moderné tech-niky na ukrý-vanie £in-nosti
 []

(includes/abstract.tex)
Underfull \hbox (badness 10000) in paragraph at lines 1--19

 []

[3]
Underfull \hbox (badness 10000) in paragraph at lines 20--20

 []

(includes/abstractEN.tex)
Underfull \hbox (badness 10000) in paragraph at lines 1--20

 []

[4] (ukazka_prace1.toc
LaTeX Font Info:    Trying to load font information for OT1+lmr on input line 3
.
 ("D:\App Windows\mikteX\tex/latex/lm\ot1lmr.fd"
File: ot1lmr.fd 2009/10/30 v1.6 Font defs for Latin Modern
)
LaTeX Font Info:    Trying to load font information for OML+lmm on input line 3
.

("D:\App Windows\mikteX\tex/latex/lm\omllmm.fd"
File: omllmm.fd 2009/10/30 v1.6 Font defs for Latin Modern
)
LaTeX Font Info:    Trying to load font information for OMS+lmsy on input line 
3.

("D:\App Windows\mikteX\tex/latex/lm\omslmsy.fd"
File: omslmsy.fd 2009/10/30 v1.6 Font defs for Latin Modern
)
LaTeX Font Info:    Trying to load font information for OMX+lmex on input line 
3.

("D:\App Windows\mikteX\tex/latex/lm\omxlmex.fd"
File: omxlmex.fd 2009/10/30 v1.6 Font defs for Latin Modern
)
LaTeX Font Info:    External font `lmex10' loaded for size
(Font)              <12> on input line 3.
LaTeX Font Info:    External font `lmex10' loaded for size
(Font)              <8> on input line 3.
LaTeX Font Info:    External font `lmex10' loaded for size
(Font)              <6> on input line 3.
)
\tf@toc=\write4
\openout4 = `ukazka_prace1.toc'.

 [5]
\mylenf=\skip90
 (ukazka_prace1.lof)
\tf@lof=\write5
\openout5 = `ukazka_prace1.lof'.


(ukazka_prace1.lot)
\tf@lot=\write6
\openout6 = `ukazka_prace1.lot'.

 [6] (includes/AbbreviationsAndSymbols.tex)
Underfull \hbox (badness 10000) in paragraph at lines 25--25

 []

[7] (ukazka_prace1.loa)
\tf@loa=\write7
\openout7 = `ukazka_prace1.loa'.

 [8] (includes/introduction.tex
Underfull \hbox (badness 10000) in paragraph at lines 30--12

 []


Underfull \hbox (badness 10000) in paragraph at lines 30--12

 []


Underfull \hbox (badness 10000) in paragraph at lines 30--12

 []


Underfull \hbox (badness 10000) in paragraph at lines 30--12

 []

) [1




] (includes/core.tex

LaTeX Warning: Citation `malvare' on page 2 undefined on input line 5.


Package hyperref Warning: Composite letter `\textasciicaron+c'
(hyperref)                not defined in PD1 encoding,
(hyperref)                removing `\textasciicaron' on input line 7.

LaTeX Font Info:    Trying to load font information for OMS+lmr on input line 1
3.
("D:\App Windows\mikteX\tex/latex/lm\omslmr.fd"
File: omslmr.fd 2009/10/30 v1.6 Font defs for Latin Modern
)
LaTeX Font Info:    Font shape `OMS/lmr/m/n' in size <12> not available
(Font)              Font shape `OMS/lmsy/m/n' tried instead on input line 13.


LaTeX Warning: Citation `endgame' on page 2 undefined on input line 14.


LaTeX Warning: Citation `endgame' on page 2 undefined on input line 17.

[2]

LaTeX Warning: Citation `endgame' on page 3 undefined on input line 21.


LaTeX Warning: Citation `endgame' on page 3 undefined on input line 26.


LaTeX Warning: Citation `endgame' on page 3 undefined on input line 31.

[3]

LaTeX Warning: Citation `endgame' on page 4 undefined on input line 36.


LaTeX Warning: Citation `endgame' on page 4 undefined on input line 40.


Package hyperref Warning: Composite letter `\textasciicaron+c'
(hyperref)                not defined in PD1 encoding,
(hyperref)                removing `\textasciicaron' on input line 43.


LaTeX Warning: Citation `sinobiki' on page 4 undefined on input line 51.

[4]

LaTeX Warning: Citation `emotet2' on page 5 undefined on input line 56.


LaTeX Warning: Citation `emotet' on page 5 undefined on input line 56.


LaTeX Warning: Citation `zeus2' on page 5 undefined on input line 61.

[5]

LaTeX Warning: Citation `mirai' on page 6 undefined on input line 71.


Overfull \hbox (8.88011pt too wide) in paragraph at lines 75--76
[]\T1/lmr/m/n/12 CnC pred-stavuje jednoduché rozhranie príka-zového ri-adku, kt
oré umoº¬uje úto£níkovi
 []


LaTeX Warning: Citation `osiris' on page 6 undefined on input line 80.


LaTeX Warning: Citation `osiris2' on page 6 undefined on input line 80.


Overfull \hbox (2.5992pt too wide) in paragraph at lines 78--81
\T1/lmr/m/n/12 Osiris je po-tomkom malvéru Kro-nos, ktorý sa za-me-ri-aval na b
ankovnívctvo. Podobne
 []

[6]
Underfull \hbox (badness 10000) in paragraph at lines 96--96
[]\T1/lmr/m/n/12 Portable Ex-e-cutable
 []

[7] [8]
Underfull \hbox (badness 10000) in paragraph at lines 124--184

 []

[9] [10]
Underfull \hbox (badness 10000) in paragraph at lines 186--189

 []


Overfull \hbox (25.30914pt too wide) in paragraph at lines 198--199
[]\T1/lmr/m/n/12 https://www.microsoft.com/security/blog/2017/07/12/detecting-s
tealthier-cross-process-
 []


LaTeX Warning: Citation `phdetection' on page 11 undefined on input line 201.


LaTeX Warning: Citation `hollowfind' on page 11 undefined on input line 206.

[11] [12] [13]
Overfull \hbox (7.75325pt too wide) in paragraph at lines 215--216
[]\T1/lmr/m/n/12 Stru£ný úvod do im-ple-men-tá-cie, pro-gramovací jazyk, vývo-j
ové prostredie + jednoduchý
 []

[14]) [15] (includes/conclusion.tex)
Underfull \hbox (badness 10000) in paragraph at lines 32--33

 []


Underfull \hbox (badness 10000) in paragraph at lines 32--33

 []


Underfull \hbox (badness 10000) in paragraph at lines 32--33

 []

[16


]
No file ukazka_prace1.bbl.
(ukazka_prace1.pri)
\tf@pri=\write8
\openout8 = `ukazka_prace1.pri'.

 [1






] (includes/prilohaA.tex
Underfull \hbox (badness 10000) in paragraph at lines 1--21

 []

) [2


] (includes/prilohaB.tex
("D:\App Windows\mikteX\tex/latex/listings\lstlang1.sty"
File: lstlang1.sty 2019/09/10 1.8c listings language file
)
("D:\App Windows\mikteX\tex/latex/listings\lstmisc.sty"
File: lstmisc.sty 2019/09/10 1.8c (Carsten Heinz)
)
LaTeX Font Info:    Trying to load font information for T1+lmss on input line 1
8.

("D:\App Windows\mikteX\tex/latex/lm\t1lmss.fd"
File: t1lmss.fd 2009/10/30 v1.6 Font defs for Latin Modern
)
LaTeX Font Info:    Font shape `T1/lmss/m/it' in size <10.95> not available
(Font)              Font shape `T1/lmss/m/sl' tried instead on input line 19.
LaTeX Font Info:    Trying to load font information for OMS+lmss on input line 
19.
LaTeX Font Info:    No file OMSlmss.fd. on input line 19.


LaTeX Font Warning: Font shape `OMS/lmss/m/it' undefined
(Font)              using `OMS/cmsy/m/n' instead
(Font)              for symbol `textasteriskcentered' on input line 19.

Package hyperref Info: bookmark level for unknown algorithm defaults to 0 on in
put line 32.
)
Package atveryend Info: Empty hook `BeforeClearDocument' on input line 40.
 [3


]
Package atveryend Info: Empty hook `AfterLastShipout' on input line 40.
 (ukazka_prace1.aux)
Package atveryend Info: Executing hook `AtVeryEndDocument' on input line 40.
Package atveryend Info: Executing hook `AtEndAfterFileList' on input line 40.
Package rerunfilecheck Info: File `ukazka_prace1.out' has not changed.
(rerunfilecheck)             Checksum: 022DF567DA26697B1A4B84D9B1571D52;1630.


LaTeX Font Warning: Some font shapes were not available, defaults substituted.


LaTeX Warning: There were undefined references.

Package atveryend Info: Empty hook `AtVeryVeryEnd' on input line 40.
 ) 
Here is how much of TeX's memory you used:
 11456 strings out of 492450
 163280 string characters out of 3132532
 488939 words of memory out of 3000000
 15443 multiletter control sequences out of 15000+200000
 76610 words of font info for 47 fonts, out of 3000000 for 9000
 1141 hyphenation exceptions out of 8191
 47i,10n,57p,1397b,1577s stack positions out of 5000i,500n,10000p,200000b,50000s
{D:/App Windows/mikteX/fonts/enc/dvips/lm/lm-ec.enc}{D:/App Windows/mikteX/fo
nts/enc/dvips/lm/lm-mathsy.enc}<D:/App Windows/mikteX/fonts/type1/public/amsfon
ts/cm/cmsy10.pfb><D:/App Windows/mikteX/fonts/type1/public/lm/lmbx12.pfb><D:/Ap
p Windows/mikteX/fonts/type1/public/lm/lmr12.pfb><D:/App Windows/mikteX/fonts/t
ype1/public/lm/lmr6.pfb><D:/App Windows/mikteX/fonts/type1/public/lm/lmri12.pfb
><D:/App Windows/mikteX/fonts/type1/public/lm/lmss10.pfb><D:/App Windows/mikteX
/fonts/type1/public/lm/lmssbx10.pfb><D:/App Windows/mikteX/fonts/type1/public/l
m/lmsso10.pfb><D:/App Windows/mikteX/fonts/type1/public/lm/lmsy10.pfb>
Output written on ukazka_prace1.pdf (28 pages, 2018355 bytes).
PDF statistics:
 341 PDF objects out of 1000 (max. 8388607)
 78 named destinations out of 1000 (max. 500000)
 222 words of extra memory for PDF output out of 10000 (max. 10000000)

